(590,10) error CS0128: Ya se ha definido una variable local denominada 'preSelectedMeasures' en este ámbito
(602,8) error CS0128: Ya se ha definido una variable local denominada 'affectedMeasures' en este ámbito
(604,5) error CS0128: Ya se ha definido una variable local denominada 'i' en este ámbito
(636,8) error CS0128: Ya se ha definido una variable local denominada 'calcGroupName' en este ámbito
(641,8) error CS0128: Ya se ha definido una variable local denominada 'columnName' en este ámbito
(645,8) error CS0128: Ya se ha definido una variable local denominada 'affectedMeasuresTableName' en este ámbito
(650,8) error CS0128: Ya se ha definido una variable local denominada 'affectedMeasuresColumnName' en este ámbito
(654,8) error CS0128: Ya se ha definido una variable local denominada 'labelAsValueMeasureName' en este ámbito
(655,8) error CS0128: Ya se ha definido una variable local denominada 'labelAsFormatStringMeasureName' en este ámbito
(659,5) error CS0128: Ya se ha definido una variable local denominada 'factTable' en este ámbito
(661,5) error CS0128: Ya se ha definido una variable local denominada 'factTableDateColumn' en este ámbito
(664,5) error CS0128: Ya se ha definido una variable local denominada 'dateTable' en este ámbito
(666,5) error CS0128: Ya se ha definido una variable local denominada 'dateTableDateColumn' en este ámbito
(669,5) error CS0128: Ya se ha definido una variable local denominada 'dateTableYearColumn' en este ámbito
(674,8) error CS0128: Ya se ha definido una variable local denominada 'ShowValueForDatesMeasureName' en este ámbito
(675,8) error CS0128: Ya se ha definido una variable local denominada 'dateWithSalesColumnName' en este ámbito
(678,8) error CS0128: Ya se ha definido una variable local denominada 'factTableName' en este ámbito
(679,8) error CS0128: Ya se ha definido una variable local denominada 'factTableDateColumnName' en este ámbito
(680,8) error CS0128: Ya se ha definido una variable local denominada 'dateTableName' en este ámbito
(681,8) error CS0128: Ya se ha definido una variable local denominada 'dateTableDateColumnName' en este ámbito
(682,8) error CS0128: Ya se ha definido una variable local denominada 'dateTableYearColumnName' en este ámbito
(685,8) error CS0128: Ya se ha definido una variable local denominada 'flagExpression' en este ámbito
(689,8) error CS0128: Ya se ha definido una variable local denominada 'calcItemProtection' en este ámbito
(690,8) error CS0128: Ya se ha definido una variable local denominada 'calcItemFormatProtection' en este ámbito
(735,8) error CS0128: Ya se ha definido una variable local denominada 'dateColumnWithTable' en este ámbito
(736,8) error CS0128: Ya se ha definido una variable local denominada 'yearColumnWithTable' en este ámbito
(737,8) error CS0128: Ya se ha definido una variable local denominada 'factDateColumnWithTable' en este ámbito
(738,8) error CS0128: Ya se ha definido una variable local denominada 'dateWithSalesWithTable' en este ámbito
(739,8) error CS0128: Ya se ha definido una variable local denominada 'calcGroupColumnWithTable' en este ámbito
(749,7) error CS0128: Ya se ha definido una variable local denominada 'calcGroup' en este ámbito
(758,5) error CS0128: Ya se ha definido una variable local denominada 'labelAsValueMeasure' en este ámbito
(761,5) error CS0128: Ya se ha definido una variable local denominada 'labelAsFormatStringMeasure' en este ámbito
(775,8) error CS0128: Ya se ha definido una variable local denominada 'DateWithSalesCalculatedColumnExpression' en este ámbito
(781,8) error CS0128: Ya se ha definido una variable local denominada 'ShowValueForDatesMeasureExpression' en este ámbito
(794,5) error CS0128: Ya se ha definido una variable local denominada 'ShowValueForDatesMeasure' en este ámbito
(799,8) error CS0128: Ya se ha definido una variable local denominada 'CY' en este ámbito
(803,8) error CS0128: Ya se ha definido una variable local denominada 'CYlabel' en este ámbito
(807,8) error CS0128: Ya se ha definido una variable local denominada 'PY' en este ámbito
(821,8) error CS0128: Ya se ha definido una variable local denominada 'PYlabel' en este ámbito
(835,8) error CS0128: Ya se ha definido una variable local denominada 'YOY' en este ámbito
(847,8) error CS0128: Ya se ha definido una variable local denominada 'YOYlabel' en este ámbito
(859,8) error CS0128: Ya se ha definido una variable local denominada 'YOYpct' en este ámbito
(876,8) error CS0128: Ya se ha definido una variable local denominada 'YOYpctLabel' en este ámbito
(888,8) error CS0128: Ya se ha definido una variable local denominada 'YTD' en este ámbito
(899,8) error CS0128: Ya se ha definido una variable local denominada 'YTDlabel' en este ámbito
(902,8) error CS0128: Ya se ha definido una variable local denominada 'PYTD' en este ámbito
(915,8) error CS0128: Ya se ha definido una variable local denominada 'PYTDlabel' en este ámbito
(918,8) error CS0128: Ya se ha definido una variable local denominada 'YOYTD' en este ámbito
(931,8) error CS0128: Ya se ha definido una variable local denominada 'YOYTDlabel' en este ámbito
(945,8) error CS0128: Ya se ha definido una variable local denominada 'YOYTDpct' en este ámbito
(963,8) error CS0128: Ya se ha definido una variable local denominada 'YOYTDpctLabel' en este ámbito
(976,8) error CS0128: Ya se ha definido una variable local denominada 'defFormatString' en este ámbito
(979,8) error CS0128: Ya se ha definido una variable local denominada 'pctFormatString' en este ámbito
(988,13) error CS0128: Ya se ha definido una variable local denominada 'calcItems' en este ámbito
(1001,5) error CS0128: Ya se ha definido una variable local denominada 'j' en este ámbito
using System;
using System.Linq;
using System.Collections.Generic;
using Newtonsoft.Json;
using TabularEditor.TOMWrapper;
using TabularEditor.TOMWrapper.Utils;
using TabularEditor.Scripting;
using TOM = Microsoft.AnalysisServices.Tabular;

using Microsoft.VisualBasic;
using TabularEditor.Shared.Interaction;
using TabularEditor.Shared.Services;

namespace TabularEditor.Scripting
{
    public static class __MacroActionsGenerator 
    {
        public static void __GenerateMacroActions(IMacroActionCreator __mac)
        {
            // Action 8
            __mac.CreateMacroItem(
                8,
                @"Time Intelligence Calc Group",
                Macro8.__MacroAction.Enabled,
                Macro8.__MacroAction.Execute,
                (Context)4096);
        }
    }
}
namespace Macro8
{
    internal static class __MacroAction
    {
        public static bool Enabled(Selection Selected, Model Model){
return true;
}
        public static void Execute(Selection Selected, Model Model)
        {
/* <#MACROACTION#> */



// '2021-05-01 / B.Agullo / 
// '2021-05-17 / B.Agullo / added affected measure table
// '2021-06-19 / B.Agullo / data label measures
// '2021-07-10 / B.Agullo / added flag expression to avoid breaking already special format strings
// '2021-09-23 / B.Agullo / added code to prompt for parameters (code credit to Daniel Otykier) 
// '2021-09-27 / B.Agullo / added code for general name 
// by Bernat Agulló#r "Microsoft.VisualBasic"


// '2021-05-01 / B.Agullo / 
// '2021-05-17 / B.Agullo / added affected measure table
// '2021-06-19 / B.Agullo / data label measures
// '2021-07-10 / B.Agullo / added flag expression to avoid breaking already special format strings
// '2021-09-23 / B.Agullo / added code to prompt for parameters (code credit to Daniel Otykier) 
// '2021-09-27 / B.Agullo / added code for general name 
// by Bernat Agulló
// www.esbrina-ba.com

//shout out to Johnny Winter for the base script and SQLBI for daxpatterns.com

//select the measures that you want to be affected by the calculation group
//before running the script. 
//measure names can also be included in the following array (no need to select them) 
string[] preSelectedMeasures = {}; //include measure names in double quotes, like: {"Profit","Total Cost"};

//AT LEAST ONE MEASURE HAS TO BE AFFECTED!, 
//either by selecting it or typing its name in the preSelectedMeasures Variable



//
// ----- do not modify script below this line -----
//


string affectedMeasures = "{";

int i = 0; 

for (i=0;i<preSelectedMeasures.GetLength(0);i++){
  
    if(affectedMeasures == "{") {
    affectedMeasures = affectedMeasures + "\"" + preSelectedMeasures[i] + "\"";
    }else{
        affectedMeasures = affectedMeasures + ",\"" + preSelectedMeasures[i] + "\"" ;
    }; 
    
};


if (Selected.Measures.Count != 0) {
    
    foreach(var m in Selected.Measures) {
        if(affectedMeasures == "{") {
        affectedMeasures = affectedMeasures + "\"" + m.Name + "\"";
        }else{
            affectedMeasures = affectedMeasures + ",\"" + m.Name + "\"" ;
        };
    };  
};

//check that by either method at least one measure is affected
if(affectedMeasures == "{") { 
    TabularEditor.Scripting.ScriptHelper.Error("No measures affected by calc group",67); 
    return; 
};



string calcGroupName = Interaction.InputBox("Provide a name for your Calc Group", "Calc Group Name", "Time Intelligence", 740, 400);
if(calcGroupName == "") return;
//string calcGroupName = "Time Intelligence";

//add the name for the column you want to appear in the calculation group
string columnName = Interaction.InputBox("Provide a name for your Calc Group Column", "Calc Group Column Name", calcGroupName, 740, 400);
if(columnName == "") return;
//string columnName = "Time Calculation";

string affectedMeasuresTableName = Interaction.InputBox("Provide a name for affected measures table", "Affected Measures Table Name", calcGroupName  + " Affected Measures", 740, 400);
if(affectedMeasuresTableName == "") return;
//string affectedMeasuresTableName = "Time Intelligence Affected Measures"; 


string affectedMeasuresColumnName = Interaction.InputBox("Provide a name for affected measures table", "Affected Measures Table Column Name", "Measure", 740, 400);
if(affectedMeasuresColumnName == "") return;
//string affectedMeasuresColumnName = "Measure"; 

string labelAsValueMeasureName = "Label as Value Measure"; 
string labelAsFormatStringMeasureName = "Label as format string"; 


 // '2021-09-24 / B.Agullo / model object selection prompts! 
var factTable = TabularEditor.Scripting.ScriptHelper.SelectTable(label: "Select your fact table");
if(factTable == null) return;
var factTableDateColumn = TabularEditor.Scripting.ScriptHelper.SelectColumn(factTable.Columns, label: "Select the main date column");
if(factTableDateColumn == null) return;

var dateTable = TabularEditor.Scripting.ScriptHelper.SelectTable(label: "Select your date table");
if(dateTable == null) return;
var dateTableDateColumn = TabularEditor.Scripting.ScriptHelper.SelectColumn(dateTable.Columns, label: "Select the date column");
if(dateTableDateColumn == null) return;

var dateTableYearColumn = TabularEditor.Scripting.ScriptHelper.SelectColumn(dateTable.Columns, label: "Select the year column");
if(dateTableYearColumn == null) return;


//these names are for internal use only, so no need to be super-fancy, better stick to datpatterns.com model
string ShowValueForDatesMeasureName = "ShowValueForDates";
string dateWithSalesColumnName = "DateWith" + factTable.Name;

// '2021-09-24 / B.Agullo / I put the names back to variables so I don't have to tough the script
string factTableName = factTable.Name;
string factTableDateColumnName = factTableDateColumn.Name;
string dateTableName = dateTable.Name;
string dateTableDateColumnName = dateTableDateColumn.Name;
string dateTableYearColumnName = dateTableYearColumn.Name; 

// '2021-09-24 / B.Agullo / this is for internal use only so better leave it as is 
string flagExpression = "UNICHAR( 8204 )"; 



string calcItemProtection = "<CODE>"; //default value if user has selected no measures
string calcItemFormatProtection = "<CODE>"; //default value if user has selected no measures



//if there where selected or preselected measures, prepare protection code for expresion and formatstring
if(affectedMeasures != "{") { 
    
    affectedMeasures = affectedMeasures + "}";
    
    string affectedMeasureTableExpression = 
        "SELECTCOLUMNS(" + affectedMeasures + ",\"" + affectedMeasuresColumnName + "\",[Value])";

    var affectedMeasureTable = 
        Model.AddCalculatedTable(affectedMeasuresTableName,affectedMeasureTableExpression);
    
    affectedMeasureTable.FormatDax(); 
    affectedMeasureTable.Description = 
        "Measures affected by " + calcGroupName + " calculation group." ;
    
    affectedMeasureTable.SetAnnotation("@AgulloBernat","Time Intel Affected Measures Table"); 
   
    // this causes error
    // affectedMeasureTable.Columns[affectedMeasuresColumnName].SetAnnotation("@AgulloBernat","Time Intel Affected Measures Table Column");

    affectedMeasureTable.IsHidden = true;     
    


    string affectedMeasuresValues = "VALUES('" + affectedMeasuresTableName + "'[" + affectedMeasuresColumnName + "])";
    
    calcItemProtection = 
        "SWITCH(" + 
        "   TRUE()," + 
        "   SELECTEDMEASURENAME() IN " + affectedMeasuresValues + "," + 
        "   <CODE> ," + 
        "   ISSELECTEDMEASURE([" + labelAsValueMeasureName + "])," + 
        "   <LABELCODE> ," + 
        "   SELECTEDMEASURE() " + 
        ")";
        
        
    calcItemFormatProtection = 
        "SWITCH(" + 
        "   TRUE() ," + 
        "   SELECTEDMEASURENAME() IN " + affectedMeasuresValues + "," + 
        "   <CODE> ," + 
        "   ISSELECTEDMEASURE([" + labelAsFormatStringMeasureName + "])," + 
        "   <LABELCODEFORMATSTRING> ," +
        "   SELECTEDMEASUREFORMATSTRING() " + 
        ")";
};
    
string dateColumnWithTable = "'" + dateTableName + "'[" + dateTableDateColumnName + "]"; 
string yearColumnWithTable = "'" + dateTableName + "'[" + dateTableYearColumnName + "]"; 
string factDateColumnWithTable = "'" + factTableName + "'[" + factTableDateColumnName + "]";
string dateWithSalesWithTable = "'" + dateTableName + "'[" + dateWithSalesColumnName + "]";
string calcGroupColumnWithTable = "'" + calcGroupName + "'[" + columnName + "]";

//check to see if a table with this name already exists
//if it doesnt exist, create a calculation group with this name
if (!Model.Tables.Contains(calcGroupName)) {
  var cg = Model.AddCalculationGroup(calcGroupName);
  cg.Description = "Calculation group for time intelligence. Availability of data is taken from " + factTableName + ".";
  cg.SetAnnotation("@AgulloBernat","Time Intel Calc Group"); 
};

//set variable for the calc group
Table calcGroup = Model.Tables[calcGroupName];

//if table already exists, make sure it is a Calculation Group type
if (calcGroup.SourceType.ToString() != "CalculationGroup") {
  TabularEditor.Scripting.ScriptHelper.Error("Table exists in Model but is not a Calculation Group. Rename the existing table or choose an alternative name for your Calculation Group.",198);
  return;
};

//adds the two measures that will be used for label as value, label as format string 
var labelAsValueMeasure = calcGroup.AddMeasure(labelAsValueMeasureName,"");
labelAsValueMeasure.Description = "Use this measure to show the year evaluated in tables"; 

var labelAsFormatStringMeasure = calcGroup.AddMeasure(labelAsFormatStringMeasureName,"0");
labelAsFormatStringMeasure.Description = "Use this measure to show the year evaluated in charts"; 

//by default the calc group has a column called Name. If this column is still called Name change this in line with specfied variable
if (calcGroup.Columns.Contains("Name")) {
  calcGroup.Columns["Name"].Name = columnName;

};

calcGroup.Columns[columnName].Description = "Select value(s) from this column to apply time intelligence calculations.";
calcGroup.Columns[columnName].SetAnnotation("@AgulloBernat","Time Intel Calc Group Column"); 


//set variable for the date table 
//Table dateTable = Model.Tables[dateTableName];


string DateWithSalesCalculatedColumnExpression = 
    dateColumnWithTable + " <= MAX ( " + factDateColumnWithTable + ")";

dateTable.AddCalculatedColumn(dateWithSalesColumnName,DateWithSalesCalculatedColumnExpression);


string ShowValueForDatesMeasureExpression = 
    "VAR LastDateWithData = " + 
    "    CALCULATE ( " + 
    "        MAX (  " + factDateColumnWithTable + " ), " + 
    "        REMOVEFILTERS () " +
    "    )" +
    "VAR FirstDateVisible = " +
    "    MIN ( " + dateColumnWithTable + " ) " + 
    "VAR Result = " +  
    "    FirstDateVisible <= LastDateWithData " +
    "RETURN " + 
    "    Result ";

var ShowValueForDatesMeasure = dateTable.AddMeasure(ShowValueForDatesMeasureName,ShowValueForDatesMeasureExpression); 

ShowValueForDatesMeasure.FormatDax();


string CY = 
    "/*CY*/ " + 
    "SELECTEDMEASURE()";

string CYlabel = 
    "SELECTEDVALUE(" + yearColumnWithTable + ")";


string PY = 
    "/*PY*/ " +
    "IF (" + 
    "    [" + ShowValueForDatesMeasureName + "], " + 
    "    CALCULATE ( " + 
    "        "+ CY + ", " + 
    "        CALCULATETABLE ( " + 
    "            DATEADD ( " + dateColumnWithTable + " , -1, YEAR ), " + 
    "            " + dateWithSalesWithTable + " = TRUE " +  
    "        ) " + 
    "    ) " + 
    ") ";
    

string PYlabel = 
    "/*PY*/ " +
    "IF (" + 
    "    [" + ShowValueForDatesMeasureName + "], " + 
    "    CALCULATE ( " + 
    "        "+ CYlabel + ", " + 
    "        CALCULATETABLE ( " + 
    "            DATEADD ( " + dateColumnWithTable + " , -1, YEAR ), " + 
    "            " + dateWithSalesWithTable + " = TRUE " +  
    "        ) " + 
    "    ) " + 
    ") ";   


string YOY = 
    "/*YOY*/ " + 
    "VAR ValueCurrentPeriod = " + CY + " " + 
    "VAR ValuePreviousPeriod = " + PY + " " +
    "VAR Result = " + 
    "IF ( " + 
    "    NOT ISBLANK ( ValueCurrentPeriod ) && NOT ISBLANK ( ValuePreviousPeriod ), " + 
    "     ValueCurrentPeriod - ValuePreviousPeriod" + 
    " ) " +  
    "RETURN " + 
    "   Result ";

string YOYlabel = 
    "/*YOY*/ " + 
    "VAR ValueCurrentPeriod = " + CYlabel + " " + 
    "VAR ValuePreviousPeriod = " + PYlabel + " " +
    "VAR Result = " + 
    "IF ( " + 
    "    NOT ISBLANK ( ValueCurrentPeriod ) && NOT ISBLANK ( ValuePreviousPeriod ), " + 
    "     ValueCurrentPeriod & \" vs \" & ValuePreviousPeriod" + 
    " ) " +  
    "RETURN " + 
    "   Result ";

string YOYpct = 
    "/*YOY%*/ " +
   "VAR ValueCurrentPeriod = " + CY + " " + 
    "VAR ValuePreviousPeriod = " + PY + " " + 
    "VAR CurrentMinusPreviousPeriod = " +
    "IF ( " + 
    "    NOT ISBLANK ( ValueCurrentPeriod ) && NOT ISBLANK ( ValuePreviousPeriod ), " + 
    "     ValueCurrentPeriod - ValuePreviousPeriod" + 
    " ) " +  
    "VAR Result = " + 
    "DIVIDE ( "  + 
    "    CurrentMinusPreviousPeriod," + 
    "    ValuePreviousPeriod" + 
    ") " + 
    "RETURN " + 
    "  Result";

string YOYpctLabel = 
    "/*YOY%*/ " +
   "VAR ValueCurrentPeriod = " + CYlabel + " " + 
    "VAR ValuePreviousPeriod = " + PYlabel + " " + 
    "VAR Result = " +
    "IF ( " + 
    "    NOT ISBLANK ( ValueCurrentPeriod ) && NOT ISBLANK ( ValuePreviousPeriod ), " + 
    "     ValueCurrentPeriod & \" vs \" & ValuePreviousPeriod & \" (%)\"" + 
    " ) " +  
    "RETURN " + 
    "  Result";
    
string YTD = 
    "/*YTD*/" + 
    "IF (" +
    "    [" + ShowValueForDatesMeasureName + "]," + 
    "    CALCULATE (" +
    "        " + CY+ "," + 
    "        DATESYTD (" +  dateColumnWithTable + " )" + 
    "   )" + 
    ") ";
    

string YTDlabel = CYlabel + "& \" YTD\""; 


string PYTD = 
    "/*PYTD*/" + 
    "IF ( " + 
    "    [" + ShowValueForDatesMeasureName + "], " + 
    "   CALCULATE ( " + 
    "       " + YTD + "," + 
    "    CALCULATETABLE ( " + 
    "        DATEADD ( " + dateColumnWithTable + ", -1, YEAR ), " + 
    "       " + dateWithSalesWithTable + " = TRUE " +  
    "       )" + 
    "   )" + 
    ") ";
    
string PYTDlabel = PYlabel + "& \" YTD\""; 

    
string YOYTD = 
    "/*YOYTD*/" + 
    "VAR ValueCurrentPeriod = " + YTD + " " + 
    "VAR ValuePreviousPeriod = " + PYTD + " " + 
    "VAR Result = " + 
    "IF ( " + 
    "    NOT ISBLANK ( ValueCurrentPeriod ) && NOT ISBLANK ( ValuePreviousPeriod ), " + 
    "     ValueCurrentPeriod - ValuePreviousPeriod" + 
    " ) " +  
    "RETURN " + 
    "   Result ";


string YOYTDlabel = 
    "/*YOYTD*/" + 
    "VAR ValueCurrentPeriod = " + YTDlabel + " " + 
    "VAR ValuePreviousPeriod = " + PYTDlabel + " " + 
    "VAR Result = " + 
    "IF ( " + 
    "    NOT ISBLANK ( ValueCurrentPeriod ) && NOT ISBLANK ( ValuePreviousPeriod ), " + 
    "     ValueCurrentPeriod & \" vs \" & ValuePreviousPeriod" + 
    " ) " +  
    "RETURN " + 
    "   Result ";



string YOYTDpct = 
    "/*YOYTD%*/" + 
    "VAR ValueCurrentPeriod = " + YTD + " " + 
    "VAR ValuePreviousPeriod = " + PYTD + " " + 
    "VAR CurrentMinusPreviousPeriod = " +
    "IF ( " + 
    "    NOT ISBLANK ( ValueCurrentPeriod ) && NOT ISBLANK ( ValuePreviousPeriod ), " + 
    "     ValueCurrentPeriod - ValuePreviousPeriod" + 
    " ) " +  
    "VAR Result = " + 
    "DIVIDE ( "  + 
    "    CurrentMinusPreviousPeriod," + 
    "    ValuePreviousPeriod" + 
    ") " + 
    "RETURN " + 
    "  Result";


string YOYTDpctLabel = 
    "/*YOY%*/ " +
   "VAR ValueCurrentPeriod = " + YTDlabel + " " + 
    "VAR ValuePreviousPeriod = " + PYTDlabel + " " + 
    "VAR Result = " +
    "IF ( " + 
    "    NOT ISBLANK ( ValueCurrentPeriod ) && NOT ISBLANK ( ValuePreviousPeriod ), " + 
    "     ValueCurrentPeriod & \" vs \" & ValuePreviousPeriod & \" (%)\"" + 
    " ) " +  
    "RETURN " + 
    "  Result";
    

string defFormatString = "SELECTEDMEASUREFORMATSTRING()";

//if the flag expression is already present in the format string, do not change it, otherwise apply % format. 
string pctFormatString = 
"IF(" + 
"\n	FIND( "+ flagExpression + ", SELECTEDMEASUREFORMATSTRING(), 1, - 1 ) <> -1," + 
"\n	SELECTEDMEASUREFORMATSTRING()," + 
"\n	\"#,##0.# %\"" + 
"\n)";


//the order in the array also determines the ordinal position of the item    
string[ , ] calcItems = 
    {
        {"CY",      CY,         defFormatString,    "Current year",             CYlabel},
        {"PY",      PY,         defFormatString,    "Previous year",            PYlabel},
        {"YOY",     YOY,        defFormatString,    "Year-over-year",           YOYlabel},
        {"YOY%",    YOYpct,     pctFormatString,    "Year-over-year%",          YOYpctLabel},
        {"YTD",     YTD,        defFormatString,    "Year-to-date",             YTDlabel},
        {"PYTD",    PYTD,       defFormatString,    "Previous year-to-date",    PYTDlabel},
        {"YOYTD",   YOYTD,      defFormatString,    "Year-over-year-to-date",   YOYTDlabel},
        {"YOYTD%",  YOYTDpct,   pctFormatString,    "Year-over-year-to-date%",  YOYTDpctLabel},
    };

    
int j = 0;


//create calculation items for each calculation with formatstring and description
foreach(var cg in Model.CalculationGroups) {
    if (cg.Name == calcGroupName) {
        for (j = 0; j < calcItems.GetLength(0); j++) {
            
            string itemName = calcItems[j,0];
            
            string itemExpression = calcItemProtection.Replace("<CODE>",calcItems[j,1]);
            itemExpression = itemExpression.Replace("<LABELCODE>",calcItems[j,4]); 
            
            string itemFormatExpression = calcItemFormatProtection.Replace("<CODE>",calcItems[j,2]);
            itemFormatExpression = itemFormatExpression.Replace("<LABELCODEFORMATSTRING>","\"\"\"\" & " + calcItems[j,4] + " & \"\"\"\"");
            
            //if(calcItems[j,2] != defFormatString) {
            //    itemFormatExpression = calcItemFormatProtection.Replace("<CODE>",calcItems[j,2]);
            //};

            string itemDescription = calcItems[j,3];
            
            if (!cg.CalculationItems.Contains(itemName)) {
                var nCalcItem = cg.AddCalculationItem(itemName, itemExpression);
                nCalcItem.FormatStringExpression = itemFormatExpression;
                nCalcItem.FormatDax();
                nCalcItem.Ordinal = j; 
                nCalcItem.Description = itemDescription;
                
            };




        };

        
    };
};

// www.esbrina-ba.com

//shout out to Johnny Winter for the base script and SQLBI for daxpatterns.com

//select the measures that you want to be affected by the calculation group
//before running the script. 
//measure names can also be included in the following array (no need to select them) 
string[] preSelectedMeasures = {}; //include measure names in double quotes, like: {"Profit","Total Cost"};

//AT LEAST ONE MEASURE HAS TO BE AFFECTED!, 
//either by selecting it or typing its name in the preSelectedMeasures Variable



//
// ----- do not modify script below this line -----
//


string affectedMeasures = "{";

int i = 0; 

for (i=0;i<preSelectedMeasures.GetLength(0);i++){
  
    if(affectedMeasures == "{") {
    affectedMeasures = affectedMeasures + "\"" + preSelectedMeasures[i] + "\"";
    }else{
        affectedMeasures = affectedMeasures + ",\"" + preSelectedMeasures[i] + "\"" ;
    }; 
    
};


if (Selected.Measures.Count != 0) {
    
    foreach(var m in Selected.Measures) {
        if(affectedMeasures == "{") {
        affectedMeasures = affectedMeasures + "\"" + m.Name + "\"";
        }else{
            affectedMeasures = affectedMeasures + ",\"" + m.Name + "\"" ;
        };
    };  
};

//check that by either method at least one measure is affected
if(affectedMeasures == "{") { 
    TabularEditor.Scripting.ScriptHelper.Error("No measures affected by calc group",536); 
    return; 
};



string calcGroupName = Interaction.InputBox("Provide a name for your Calc Group", "Calc Group Name", "Time Intelligence", 740, 400);
if(calcGroupName == "") return;
//string calcGroupName = "Time Intelligence";

//add the name for the column you want to appear in the calculation group
string columnName = Interaction.InputBox("Provide a name for your Calc Group Column", "Calc Group Column Name", calcGroupName, 740, 400);
if(columnName == "") return;
//string columnName = "Time Calculation";

string affectedMeasuresTableName = Interaction.InputBox("Provide a name for affected measures table", "Affected Measures Table Name", calcGroupName  + " Affected Measures", 740, 400);
if(affectedMeasuresTableName == "") return;
//string affectedMeasuresTableName = "Time Intelligence Affected Measures"; 


string affectedMeasuresColumnName = Interaction.InputBox("Provide a name for affected measures table", "Affected Measures Table Column Name", "Measure", 740, 400);
if(affectedMeasuresColumnName == "") return;
//string affectedMeasuresColumnName = "Measure"; 

string labelAsValueMeasureName = "Label as Value Measure"; 
string labelAsFormatStringMeasureName = "Label as format string"; 


 // '2021-09-24 / B.Agullo / model object selection prompts! 
var factTable = TabularEditor.Scripting.ScriptHelper.SelectTable(label: "Select your fact table");
if(factTable == null) return;
var factTableDateColumn = TabularEditor.Scripting.ScriptHelper.SelectColumn(factTable.Columns, label: "Select the main date column");
if(factTableDateColumn == null) return;

var dateTable = TabularEditor.Scripting.ScriptHelper.SelectTable(label: "Select your date table");
if(dateTable == null) return;
var dateTableDateColumn = TabularEditor.Scripting.ScriptHelper.SelectColumn(dateTable.Columns, label: "Select the date column");
if(dateTableDateColumn == null) return;

var dateTableYearColumn = TabularEditor.Scripting.ScriptHelper.SelectColumn(dateTable.Columns, label: "Select the year column");
if(dateTableYearColumn == null) return;


//these names are for internal use only, so no need to be super-fancy, better stick to datpatterns.com model
string ShowValueForDatesMeasureName = "ShowValueForDates";
string dateWithSalesColumnName = "DateWith" + factTable.Name;

// '2021-09-24 / B.Agullo / I put the names back to variables so I don't have to tough the script
string factTableName = factTable.Name;
string factTableDateColumnName = factTableDateColumn.Name;
string dateTableName = dateTable.Name;
string dateTableDateColumnName = dateTableDateColumn.Name;
string dateTableYearColumnName = dateTableYearColumn.Name; 

// '2021-09-24 / B.Agullo / this is for internal use only so better leave it as is 
string flagExpression = "UNICHAR( 8204 )"; 



string calcItemProtection = "<CODE>"; //default value if user has selected no measures
string calcItemFormatProtection = "<CODE>"; //default value if user has selected no measures



//if there where selected or preselected measures, prepare protection code for expresion and formatstring
if(affectedMeasures != "{") { 
    
    affectedMeasures = affectedMeasures + "}";
    
    string affectedMeasureTableExpression = 
        "SELECTCOLUMNS(" + affectedMeasures + ",\"" + affectedMeasuresColumnName + "\",[Value])";

    var affectedMeasureTable = 
        Model.AddCalculatedTable(affectedMeasuresTableName,affectedMeasureTableExpression);
    
    affectedMeasureTable.FormatDax(); 
    affectedMeasureTable.Description = 
        "Measures affected by " + calcGroupName + " calculation group." ;
    
    affectedMeasureTable.IsHidden = true;     
    
    string affectedMeasuresValues = "VALUES('" + affectedMeasuresTableName + "'[" + affectedMeasuresColumnName + "])";
    
    calcItemProtection = 
        "SWITCH(" + 
        "   TRUE()," + 
        "   SELECTEDMEASURENAME() IN " + affectedMeasuresValues + "," + 
        "   <CODE> ," + 
        "   ISSELECTEDMEASURE([" + labelAsValueMeasureName + "])," + 
        "   <LABELCODE> ," + 
        "   SELECTEDMEASURE() " + 
        ")";
        
        
    calcItemFormatProtection = 
        "SWITCH(" + 
        "   TRUE() ," + 
        "   SELECTEDMEASURENAME() IN " + affectedMeasuresValues + "," + 
        "   <CODE> ," + 
        "   ISSELECTEDMEASURE([" + labelAsFormatStringMeasureName + "])," + 
        "   <LABELCODEFORMATSTRING> ," +
        "   SELECTEDMEASUREFORMATSTRING() " + 
        ")";
};
    
string dateColumnWithTable = "'" + dateTableName + "'[" + dateTableDateColumnName + "]"; 
string yearColumnWithTable = "'" + dateTableName + "'[" + dateTableYearColumnName + "]"; 
string factDateColumnWithTable = "'" + factTableName + "'[" + factTableDateColumnName + "]";
string dateWithSalesWithTable = "'" + dateTableName + "'[" + dateWithSalesColumnName + "]";
string calcGroupColumnWithTable = "'" + calcGroupName + "'[" + columnName + "]";

//check to see if a table with this name already exists
//if it doesnt exist, create a calculation group with this name
if (!Model.Tables.Contains(calcGroupName)) {
  var cg = Model.AddCalculationGroup(calcGroupName);
  cg.Description = "Calculation group for time intelligence. Availability of data is taken from " + factTableName + ".";
};

//set variable for the calc group
Table calcGroup = Model.Tables[calcGroupName];

//if table already exists, make sure it is a Calculation Group type
if (calcGroup.SourceType.ToString() != "CalculationGroup") {
  TabularEditor.Scripting.ScriptHelper.Error("Table exists in Model but is not a Calculation Group. Rename the existing table or choose an alternative name for your Calculation Group.",659);
  return;
};

//adds the two measures that will be used for label as value, label as format string 
var labelAsValueMeasure = calcGroup.AddMeasure(labelAsValueMeasureName,"");
labelAsValueMeasure.Description = "Use this measure to show the year evaluated in tables"; 

var labelAsFormatStringMeasure = calcGroup.AddMeasure(labelAsFormatStringMeasureName,"0");
labelAsFormatStringMeasure.Description = "Use this measure to show the year evaluated in charts"; 

//by default the calc group has a column called Name. If this column is still called Name change this in line with specfied variable
if (calcGroup.Columns.Contains("Name")) {
  calcGroup.Columns["Name"].Name = columnName;
};

calcGroup.Columns[columnName].Description = "Select value(s) from this column to apply time intelligence calculations.";

//set variable for the date table 
//Table dateTable = Model.Tables[dateTableName];


string DateWithSalesCalculatedColumnExpression = 
    dateColumnWithTable + " <= MAX ( " + factDateColumnWithTable + ")";

dateTable.AddCalculatedColumn(dateWithSalesColumnName,DateWithSalesCalculatedColumnExpression);


string ShowValueForDatesMeasureExpression = 
    "VAR LastDateWithData = " + 
    "    CALCULATE ( " + 
    "        MAX (  " + factDateColumnWithTable + " ), " + 
    "        REMOVEFILTERS () " +
    "    )" +
    "VAR FirstDateVisible = " +
    "    MIN ( " + dateColumnWithTable + " ) " + 
    "VAR Result = " +  
    "    FirstDateVisible <= LastDateWithData " +
    "RETURN " + 
    "    Result ";

var ShowValueForDatesMeasure = dateTable.AddMeasure(ShowValueForDatesMeasureName,ShowValueForDatesMeasureExpression); 

ShowValueForDatesMeasure.FormatDax();


string CY = 
    "/*CY*/ " + 
    "SELECTEDMEASURE()";

string CYlabel = 
    "SELECTEDVALUE(" + yearColumnWithTable + ")";


string PY = 
    "/*PY*/ " +
    "IF (" + 
    "    [" + ShowValueForDatesMeasureName + "], " + 
    "    CALCULATE ( " + 
    "        "+ CY + ", " + 
    "        CALCULATETABLE ( " + 
    "            DATEADD ( " + dateColumnWithTable + " , -1, YEAR ), " + 
    "            " + dateWithSalesWithTable + " = TRUE " +  
    "        ) " + 
    "    ) " + 
    ") ";
    

string PYlabel = 
    "/*PY*/ " +
    "IF (" + 
    "    [" + ShowValueForDatesMeasureName + "], " + 
    "    CALCULATE ( " + 
    "        "+ CYlabel + ", " + 
    "        CALCULATETABLE ( " + 
    "            DATEADD ( " + dateColumnWithTable + " , -1, YEAR ), " + 
    "            " + dateWithSalesWithTable + " = TRUE " +  
    "        ) " + 
    "    ) " + 
    ") ";   


string YOY = 
    "/*YOY*/ " + 
    "VAR ValueCurrentPeriod = " + CY + " " + 
    "VAR ValuePreviousPeriod = " + PY + " " +
    "VAR Result = " + 
    "IF ( " + 
    "    NOT ISBLANK ( ValueCurrentPeriod ) && NOT ISBLANK ( ValuePreviousPeriod ), " + 
    "     ValueCurrentPeriod - ValuePreviousPeriod" + 
    " ) " +  
    "RETURN " + 
    "   Result ";

string YOYlabel = 
    "/*YOY*/ " + 
    "VAR ValueCurrentPeriod = " + CYlabel + " " + 
    "VAR ValuePreviousPeriod = " + PYlabel + " " +
    "VAR Result = " + 
    "IF ( " + 
    "    NOT ISBLANK ( ValueCurrentPeriod ) && NOT ISBLANK ( ValuePreviousPeriod ), " + 
    "     ValueCurrentPeriod & \" vs \" & ValuePreviousPeriod" + 
    " ) " +  
    "RETURN " + 
    "   Result ";

string YOYpct = 
    "/*YOY%*/ " +
   "VAR ValueCurrentPeriod = " + CY + " " + 
    "VAR ValuePreviousPeriod = " + PY + " " + 
    "VAR CurrentMinusPreviousPeriod = " +
    "IF ( " + 
    "    NOT ISBLANK ( ValueCurrentPeriod ) && NOT ISBLANK ( ValuePreviousPeriod ), " + 
    "     ValueCurrentPeriod - ValuePreviousPeriod" + 
    " ) " +  
    "VAR Result = " + 
    "DIVIDE ( "  + 
    "    CurrentMinusPreviousPeriod," + 
    "    ValuePreviousPeriod" + 
    ") " + 
    "RETURN " + 
    "  Result";

string YOYpctLabel = 
    "/*YOY%*/ " +
   "VAR ValueCurrentPeriod = " + CYlabel + " " + 
    "VAR ValuePreviousPeriod = " + PYlabel + " " + 
    "VAR Result = " +
    "IF ( " + 
    "    NOT ISBLANK ( ValueCurrentPeriod ) && NOT ISBLANK ( ValuePreviousPeriod ), " + 
    "     ValueCurrentPeriod & \" vs \" & ValuePreviousPeriod & \" (%)\"" + 
    " ) " +  
    "RETURN " + 
    "  Result";
    
string YTD = 
    "/*YTD*/" + 
    "IF (" +
    "    [" + ShowValueForDatesMeasureName + "]," + 
    "    CALCULATE (" +
    "        " + CY+ "," + 
    "        DATESYTD (" +  dateColumnWithTable + " )" + 
    "   )" + 
    ") ";
    

string YTDlabel = CYlabel + "& \" YTD\""; 


string PYTD = 
    "/*PYTD*/" + 
    "IF ( " + 
    "    [" + ShowValueForDatesMeasureName + "], " + 
    "   CALCULATE ( " + 
    "       " + YTD + "," + 
    "    CALCULATETABLE ( " + 
    "        DATEADD ( " + dateColumnWithTable + ", -1, YEAR ), " + 
    "       " + dateWithSalesWithTable + " = TRUE " +  
    "       )" + 
    "   )" + 
    ") ";
    
string PYTDlabel = PYlabel + "& \" YTD\""; 

    
string YOYTD = 
    "/*YOYTD*/" + 
    "VAR ValueCurrentPeriod = " + YTD + " " + 
    "VAR ValuePreviousPeriod = " + PYTD + " " + 
    "VAR Result = " + 
    "IF ( " + 
    "    NOT ISBLANK ( ValueCurrentPeriod ) && NOT ISBLANK ( ValuePreviousPeriod ), " + 
    "     ValueCurrentPeriod - ValuePreviousPeriod" + 
    " ) " +  
    "RETURN " + 
    "   Result ";


string YOYTDlabel = 
    "/*YOYTD*/" + 
    "VAR ValueCurrentPeriod = " + YTDlabel + " " + 
    "VAR ValuePreviousPeriod = " + PYTDlabel + " " + 
    "VAR Result = " + 
    "IF ( " + 
    "    NOT ISBLANK ( ValueCurrentPeriod ) && NOT ISBLANK ( ValuePreviousPeriod ), " + 
    "     ValueCurrentPeriod & \" vs \" & ValuePreviousPeriod" + 
    " ) " +  
    "RETURN " + 
    "   Result ";



string YOYTDpct = 
    "/*YOYTD%*/" + 
    "VAR ValueCurrentPeriod = " + YTD + " " + 
    "VAR ValuePreviousPeriod = " + PYTD + " " + 
    "VAR CurrentMinusPreviousPeriod = " +
    "IF ( " + 
    "    NOT ISBLANK ( ValueCurrentPeriod ) && NOT ISBLANK ( ValuePreviousPeriod ), " + 
    "     ValueCurrentPeriod - ValuePreviousPeriod" + 
    " ) " +  
    "VAR Result = " + 
    "DIVIDE ( "  + 
    "    CurrentMinusPreviousPeriod," + 
    "    ValuePreviousPeriod" + 
    ") " + 
    "RETURN " + 
    "  Result";


string YOYTDpctLabel = 
    "/*YOY%*/ " +
   "VAR ValueCurrentPeriod = " + YTDlabel + " " + 
    "VAR ValuePreviousPeriod = " + PYTDlabel + " " + 
    "VAR Result = " +
    "IF ( " + 
    "    NOT ISBLANK ( ValueCurrentPeriod ) && NOT ISBLANK ( ValuePreviousPeriod ), " + 
    "     ValueCurrentPeriod & \" vs \" & ValuePreviousPeriod & \" (%)\"" + 
    " ) " +  
    "RETURN " + 
    "  Result";
    

string defFormatString = "SELECTEDMEASUREFORMATSTRING()";

//if the flag expression is already present in the format string, do not change it, otherwise apply % format. 
string pctFormatString = 
"IF(" + 
"\n	FIND( "+ flagExpression + ", SELECTEDMEASUREFORMATSTRING(), 1, - 1 ) <> -1," + 
"\n	SELECTEDMEASUREFORMATSTRING()," + 
"\n	\"#,##0.# %\"" + 
"\n)";


//the order in the array also determines the ordinal position of the item    
string[ , ] calcItems = 
    {
        {"CY",      CY,         defFormatString,    "Current year",             CYlabel},
        {"PY",      PY,         defFormatString,    "Previous year",            PYlabel},
        {"YOY",     YOY,        defFormatString,    "Year-over-year",           YOYlabel},
        {"YOY%",    YOYpct,     pctFormatString,    "Year-over-year%",          YOYpctLabel},
        {"YTD",     YTD,        defFormatString,    "Year-to-date",             YTDlabel},
        {"PYTD",    PYTD,       defFormatString,    "Previous year-to-date",    PYTDlabel},
        {"YOYTD",   YOYTD,      defFormatString,    "Year-over-year-to-date",   YOYTDlabel},
        {"YOYTD%",  YOYTDpct,   pctFormatString,    "Year-over-year-to-date%",  YOYTDpctLabel},
    };

    
int j = 0;


//create calculation items for each calculation with formatstring and description
foreach(var cg in Model.CalculationGroups) {
    if (cg.Name == calcGroupName) {
        for (j = 0; j < calcItems.GetLength(0); j++) {
            
            string itemName = calcItems[j,0];
            
            string itemExpression = calcItemProtection.Replace("<CODE>",calcItems[j,1]);
            itemExpression = itemExpression.Replace("<LABELCODE>",calcItems[j,4]); 
            
            string itemFormatExpression = calcItemFormatProtection.Replace("<CODE>",calcItems[j,2]);
            itemFormatExpression = itemFormatExpression.Replace("<LABELCODEFORMATSTRING>","\"\"\"\" & " + calcItems[j,4] + " & \"\"\"\"");
            
            //if(calcItems[j,2] != defFormatString) {
            //    itemFormatExpression = calcItemFormatProtection.Replace("<CODE>",calcItems[j,2]);
            //};

            string itemDescription = calcItems[j,3];
            
            if (!cg.CalculationItems.Contains(itemName)) {
                var nCalcItem = cg.AddCalculationItem(itemName, itemExpression);
                nCalcItem.FormatStringExpression = itemFormatExpression;
                nCalcItem.FormatDax();
                nCalcItem.Ordinal = j; 
                nCalcItem.Description = itemDescription;
                
            };
        };


    };
};

        }

    }
}

